<?xml version="1.0" encoding="utf-8"?><testsuites name="pytest tests"><testsuite name="pytest" errors="0" failures="0" skipped="4" tests="45" time="3.898" timestamp="2026-09-18T16:54:30.586633+00:00" hostname="agent-env-3d660222-2df6-49bb-9a31-69258ae85880"><testcase classname="tests.backend_test" name="test_database_file_created" time="0.001" /><testcase classname="tests.test_payments_regression" name="test_payment_examples_unpaid_partial_paid_multi_and_reject_excess" time="0.282" /><testcase classname="tests.backend_test" name="test_health" time="0.028" /><testcase classname="tests.backend_test" name="test_settings_roundtrip" time="0.042" /><testcase classname="tests.backend_test" name="test_create_invoice_assigns_sequential_number_and_totals" time="0.061" /><testcase classname="tests.backend_test" name="test_tenant_auto_created" time="0.087" /><testcase classname="tests.backend_test" name="test_peek_next_number_does_not_consume" time="0.033" /><testcase classname="tests.backend_test" name="test_sequence_survives_reconnect" time="0.034" /><testcase classname="tests.test_payments_regression" name="test_payment_delete_edit_and_zero_paid_invoice_usable" time="0.105" /><testcase classname="tests.backend_test" name="test_get_update_delete_invoice" time="0.037" /><testcase classname="tests.backend_test" name="test_search_and_filters" time="0.035" /><testcase classname="tests.backend_test" name="test_validation_errors" time="0.018" /><testcase classname="tests.test_payments_regression" name="test_payment_validation_and_sorting" time="0.086" /><testcase classname="tests.backend_test" name="test_backup_export_import_merge_and_sequence_preserved" time="0.087" /><testcase classname="tests.test_payments_regression" name="test_receipt_stable_on_edit_and_backup_merge_dedupe" time="0.084" /><testcase classname="tests.backend_test" name="test_import_rejects_garbage" time="0.014" /><testcase classname="tests.backend_test" name="test_migration_endpoint_counts_and_idempotent" time="0.021" /><testcase classname="tests.backend_test" name="test_csv_export" time="0.011" /><testcase classname="tests.backend_test" name="test_email_503_when_smtp_not_configured" time="0.018" /><testcase classname="tests.backend_test" name="test_no_secrets_in_api_responses" time="0.021" /><testcase classname="tests.test_payments_regression" name="test_migration_preserves_legacy_paid_and_stays_idempotent" time="0.024" /><testcase classname="tests.backend_test" name="test_expense_crud_and_profit" time="0.058" /><testcase classname="tests.test_payments_regression" name="test_payment_fk_cascade_on_invoice_delete" time="0.053" /><testcase classname="tests.backend_test" name="test_food_order_flow_and_monthly_aggregation" time="0.071" /><testcase classname="tests.test_preview_api_readonly" name="test_health_ok" time="0.009"><skipped type="pytest.skip" message="REACT_APP_BACKEND_URL is not set">/app/backend/tests/test_preview_api_readonly.py:27: REACT_APP_BACKEND_URL is not set</skipped></testcase><testcase classname="tests.test_preview_api_readonly" name="test_settings_available" time="0.001"><skipped type="pytest.skip" message="REACT_APP_BACKEND_URL is not set">/app/backend/tests/test_preview_api_readonly.py:35: REACT_APP_BACKEND_URL is not set</skipped></testcase><testcase classname="tests.test_preview_api_readonly" name="test_dashboard_stats_seeded_counts" time="0.001"><skipped type="pytest.skip" message="REACT_APP_BACKEND_URL is not set">/app/backend/tests/test_preview_api_readonly.py:44: REACT_APP_BACKEND_URL is not set</skipped></testcase><testcase classname="tests.test_preview_api_readonly" name="test_invoices_list_shape" time="0.010"><skipped type="pytest.skip" message="REACT_APP_BACKEND_URL is not set">/app/backend/tests/test_preview_api_readonly.py:54: REACT_APP_BACKEND_URL is not set</skipped></testcase><testcase classname="tests.backend_test" name="test_monthly_billing_food_and_duplicate_prevention" time="0.091" /><testcase classname="tests.backend_test" name="test_overdue_tracking" time="0.032" /><testcase classname="tests.backend_test" name="test_csv_preview_automapping_and_commit" time="0.050" /><testcase classname="tests.backend_test" name="test_csv_duplicate_update_existing" time="0.031" /><testcase classname="tests.backend_test" name="test_invalid_csv_and_import_history" time="0.009" /><testcase classname="tests.backend_test" name="test_backup_includes_new_modules" time="0.016" /><testcase classname="tests.backend_test" name="test_tenant_ledger_running_balance" time="0.040" /><testcase classname="tests.backend_test" name="test_tenant_ledger_opening_balance_and_404" time="0.022" /><testcase classname="tests.backend_test" name="test_loopback_one_message_owner_to_tenant_cc_with_pdf_attachment" time="0.085" /><testcase classname="tests.backend_test" name="test_loopback_missing_tenant_email_still_single_message_without_cc" time="0.074" /><testcase classname="tests.backend_test" name="test_loopback_same_owner_and_cc_deduplicates_envelope_recipient" time="0.074" /><testcase classname="tests.backend_test" name="test_api_create_invoice_uses_sqlite_tenant_email_snapshot_and_rejects_identity_mismatch" time="0.033" /><testcase classname="tests.backend_test" name="test_email_resend_uses_invoice_snapshot_even_after_tenant_email_change" time="0.038" /><testcase classname="tests.backend_test" name="test_email_status_handles_partial_and_all_refusals" time="0.066" /><testcase classname="tests.backend_test" name="test_email_endpoint_persists_owner_failed_and_supports_retry_record" time="0.061" /><testcase classname="tests.backend_test" name="test_resend_after_tenant_deleted_does_not_recreate_tenant" time="0.093" /><testcase classname="tests.backend_test" name="test_no_smtp_secrets_exposed_in_read_apis_after_email_errors" time="0.026" /></testsuite></testsuites>