<?xml version="1.0" encoding="utf-8"?><testsuites name="pytest tests"><testsuite name="pytest" errors="0" failures="0" skipped="0" tests="6" time="4.016" timestamp="2026-09-18T16:47:50.520221+00:00" hostname="agent-env-3d660222-2df6-49bb-9a31-69258ae85880"><testcase classname="tests.test_payments_regression" name="test_payment_examples_unpaid_partial_paid_multi_and_reject_excess" time="0.337" /><testcase classname="tests.test_payments_regression" name="test_payment_delete_edit_and_zero_paid_invoice_usable" time="0.113" /><testcase classname="tests.test_payments_regression" name="test_payment_validation_and_sorting" time="0.101" /><testcase classname="tests.test_payments_regression" name="test_receipt_stable_on_edit_and_backup_merge_dedupe" time="0.099" /><testcase classname="tests.test_payments_regression" name="test_migration_preserves_legacy_paid_and_stays_idempotent" time="0.023" /><testcase classname="tests.test_payments_regression" name="test_payment_fk_cascade_on_invoice_delete" time="0.048" /></testsuite></testsuites>