<?xml version="1.0" encoding="utf-8"?><testsuites name="pytest tests"><testsuite name="pytest" errors="0" failures="0" skipped="0" tests="26" time="1.874" timestamp="2026-09-18T15:19:57.107831+00:00" hostname="agent-env-3d660222-2df6-49bb-9a31-69258ae85880"><testcase classname="tests.backend_test" name="test_database_file_created" time="0.073" /><testcase classname="tests.backend_test" name="test_health" time="0.007" /><testcase classname="tests.backend_test" name="test_settings_roundtrip" time="0.037" /><testcase classname="tests.backend_test" name="test_create_invoice_assigns_sequential_number_and_totals" time="0.060" /><testcase classname="tests.backend_test" name="test_tenant_auto_created" time="0.027" /><testcase classname="tests.backend_test" name="test_peek_next_number_does_not_consume" time="0.029" /><testcase classname="tests.backend_test" name="test_sequence_survives_reconnect" time="0.035" /><testcase classname="tests.backend_test" name="test_get_update_delete_invoice" time="0.028" /><testcase classname="tests.backend_test" name="test_search_and_filters" time="0.025" /><testcase classname="tests.backend_test" name="test_validation_errors" time="0.017" /><testcase classname="tests.backend_test" name="test_backup_export_import_merge_and_sequence_preserved" time="0.089" /><testcase classname="tests.backend_test" name="test_import_rejects_garbage" time="0.008" /><testcase classname="tests.backend_test" name="test_migration_endpoint_counts_and_idempotent" time="0.015" /><testcase classname="tests.backend_test" name="test_csv_export" time="0.005" /><testcase classname="tests.backend_test" name="test_email_503_when_smtp_not_configured" time="0.005" /><testcase classname="tests.backend_test" name="test_no_secrets_in_api_responses" time="0.015" /><testcase classname="tests.backend_test" name="test_expense_crud_and_profit" time="0.049" /><testcase classname="tests.backend_test" name="test_food_order_flow_and_monthly_aggregation" time="0.055" /><testcase classname="tests.backend_test" name="test_monthly_billing_food_and_duplicate_prevention" time="0.060" /><testcase classname="tests.backend_test" name="test_overdue_tracking" time="0.020" /><testcase classname="tests.backend_test" name="test_csv_preview_automapping_and_commit" time="0.062" /><testcase classname="tests.backend_test" name="test_csv_duplicate_update_existing" time="0.063" /><testcase classname="tests.backend_test" name="test_invalid_csv_and_import_history" time="0.008" /><testcase classname="tests.backend_test" name="test_backup_includes_new_modules" time="0.013" /><testcase classname="tests.backend_test" name="test_tenant_ledger_running_balance" time="0.049" /><testcase classname="tests.backend_test" name="test_tenant_ledger_opening_balance_and_404" time="0.021" /></testsuite></testsuites>