<?xml version="1.0" encoding="utf-8"?><testsuites name="pytest tests"><testsuite name="pytest" errors="0" failures="0" skipped="0" tests="16" time="0.517" timestamp="2026-08-21T18:44:12.742990+00:00" hostname="agent-env-7e45d484-5578-48a7-9176-fad1cc0fca2c"><testcase classname="tests.backend_test" name="test_database_file_created" time="0.057" /><testcase classname="tests.backend_test" name="test_health" time="0.002" /><testcase classname="tests.backend_test" name="test_settings_roundtrip" time="0.006" /><testcase classname="tests.backend_test" name="test_create_invoice_assigns_sequential_number_and_totals" time="0.047" /><testcase classname="tests.backend_test" name="test_tenant_auto_created" time="0.048" /><testcase classname="tests.backend_test" name="test_peek_next_number_does_not_consume" time="0.051" /><testcase classname="tests.backend_test" name="test_sequence_survives_reconnect" time="0.009" /><testcase classname="tests.backend_test" name="test_get_update_delete_invoice" time="0.010" /><testcase classname="tests.backend_test" name="test_search_and_filters" time="0.008" /><testcase classname="tests.backend_test" name="test_validation_errors" time="0.004" /><testcase classname="tests.backend_test" name="test_backup_export_import_merge_and_sequence_preserved" time="0.021" /><testcase classname="tests.backend_test" name="test_import_rejects_garbage" time="0.002" /><testcase classname="tests.backend_test" name="test_migration_endpoint_counts_and_idempotent" time="0.005" /><testcase classname="tests.backend_test" name="test_csv_export" time="0.002" /><testcase classname="tests.backend_test" name="test_email_503_when_smtp_not_configured" time="0.001" /><testcase classname="tests.backend_test" name="test_no_secrets_in_api_responses" time="0.005" /></testsuite></testsuites>