<?xml version="1.0" encoding="utf-8"?><testsuites name="pytest tests"><testsuite name="pytest" errors="0" failures="0" skipped="0" tests="49" time="9.144" timestamp="2026-09-18T17:04:30.856570+00:00" hostname="agent-env-3d660222-2df6-49bb-9a31-69258ae85880"><testcase classname="tests.test_payments_regression" name="test_payment_examples_unpaid_partial_paid_multi_and_reject_excess" time="0.531" /><testcase classname="tests.backend_test" name="test_database_file_created" time="0.005" /><testcase classname="tests.backend_test" name="test_health" time="0.034" /><testcase classname="tests.backend_test" name="test_settings_roundtrip" time="0.068" /><testcase classname="tests.backend_test" name="test_create_invoice_assigns_sequential_number_and_totals" time="0.089" /><testcase classname="tests.backend_test" name="test_tenant_auto_created" time="0.100" /><testcase classname="tests.backend_test" name="test_peek_next_number_does_not_consume" time="0.154" /><testcase classname="tests.backend_test" name="test_sequence_survives_reconnect" time="0.081" /><testcase classname="tests.test_payments_regression" name="test_payment_delete_edit_and_zero_paid_invoice_usable" time="0.382" /><testcase classname="tests.backend_test" name="test_get_update_delete_invoice" time="0.169" /><testcase classname="tests.backend_test" name="test_search_and_filters" time="0.107" /><testcase classname="tests.backend_test" name="test_validation_errors" time="0.067" /><testcase classname="tests.test_payments_regression" name="test_payment_validation_and_sorting" time="0.174" /><testcase classname="tests.backend_test" name="test_backup_export_import_merge_and_sequence_preserved" time="0.207" /><testcase classname="tests.test_payments_regression" name="test_receipt_stable_on_edit_and_backup_merge_dedupe" time="0.250" /><testcase classname="tests.backend_test" name="test_import_rejects_garbage" time="0.046" /><testcase classname="tests.backend_test" name="test_migration_endpoint_counts_and_idempotent" time="0.069" /><testcase classname="tests.backend_test" name="test_csv_export" time="0.013" /><testcase classname="tests.backend_test" name="test_email_503_when_smtp_not_configured" time="0.021" /><testcase classname="tests.test_payments_regression" name="test_migration_preserves_legacy_paid_and_stays_idempotent" time="0.087" /><testcase classname="tests.backend_test" name="test_no_secrets_in_api_responses" time="0.070" /><testcase classname="tests.test_payments_regression" name="test_payment_fk_cascade_on_invoice_delete" time="0.125" /><testcase classname="tests.backend_test" name="test_expense_crud_and_profit" time="0.099" /><testcase classname="tests.backend_test" name="test_food_order_flow_and_monthly_aggregation" time="0.127" /><testcase classname="tests.test_payments_regression" name="test_backup_roundtrip_restores_deleted_test_records_and_advance_credit" time="0.259" /><testcase classname="tests.backend_test" name="test_monthly_billing_food_and_duplicate_prevention" time="0.203" /><testcase classname="tests.test_payments_regression" name="test_payment_crud_updates_overdue_report_and_dated_ledger_events" time="0.192" /><testcase classname="tests.backend_test" name="test_overdue_tracking" time="0.066" /><testcase classname="tests.backend_test" name="test_csv_preview_automapping_and_commit" time="0.151" /><testcase classname="tests.test_payments_regression" name="test_email_route_loopback_transport_snapshot_retry_and_secret_hygiene" time="1.530" /><testcase classname="tests.backend_test" name="test_csv_duplicate_update_existing" time="0.102" /><testcase classname="tests.backend_test" name="test_invalid_csv_and_import_history" time="0.040" /><testcase classname="tests.backend_test" name="test_backup_includes_new_modules" time="0.052" /><testcase classname="tests.backend_test" name="test_tenant_ledger_running_balance" time="0.158" /><testcase classname="tests.backend_test" name="test_tenant_ledger_opening_balance_and_404" time="0.076" /><testcase classname="tests.backend_test" name="test_loopback_one_message_owner_to_tenant_cc_with_pdf_attachment" time="0.461" /><testcase classname="tests.backend_test" name="test_loopback_missing_tenant_email_still_single_message_without_cc" time="0.180" /><testcase classname="tests.backend_test" name="test_loopback_same_owner_and_cc_deduplicates_envelope_recipient" time="0.236" /><testcase classname="tests.backend_test" name="test_api_create_invoice_uses_sqlite_tenant_email_snapshot_and_rejects_identity_mismatch" time="0.102" /><testcase classname="tests.test_payments_regression" name="test_two_parallel_payment_submissions_allow_only_one_success" time="0.112" /><testcase classname="tests.backend_test" name="test_email_resend_uses_invoice_snapshot_even_after_tenant_email_change" time="0.126" /><testcase classname="tests.test_preview_api_readonly" name="test_health_ok" time="0.570" /><testcase classname="tests.backend_test" name="test_email_status_handles_partial_and_all_refusals" time="0.051" /><testcase classname="tests.backend_test" name="test_email_endpoint_persists_owner_failed_and_supports_retry_record" time="0.034" /><testcase classname="tests.backend_test" name="test_resend_after_tenant_deleted_does_not_recreate_tenant" time="0.053" /><testcase classname="tests.backend_test" name="test_no_smtp_secrets_exposed_in_read_apis_after_email_errors" time="0.072" /><testcase classname="tests.test_preview_api_readonly" name="test_settings_available" time="0.091" /><testcase classname="tests.test_preview_api_readonly" name="test_dashboard_stats_seeded_counts" time="0.094" /><testcase classname="tests.test_preview_api_readonly" name="test_invoices_list_shape" time="0.075" /></testsuite></testsuites>