<?xml version="1.0" encoding="utf-8"?><testsuites name="pytest tests"><testsuite name="pytest" errors="0" failures="0" skipped="0" tests="10" time="3.597" timestamp="2026-09-18T16:56:36.290496+00:00" hostname="agent-env-3d660222-2df6-49bb-9a31-69258ae85880"><testcase classname="tests.test_payments_regression" name="test_payment_examples_unpaid_partial_paid_multi_and_reject_excess" time="0.262" /><testcase classname="tests.test_payments_regression" name="test_payment_delete_edit_and_zero_paid_invoice_usable" time="0.090" /><testcase classname="tests.test_payments_regression" name="test_payment_validation_and_sorting" time="0.072" /><testcase classname="tests.test_payments_regression" name="test_receipt_stable_on_edit_and_backup_merge_dedupe" time="0.058" /><testcase classname="tests.test_payments_regression" name="test_migration_preserves_legacy_paid_and_stays_idempotent" time="0.022" /><testcase classname="tests.test_payments_regression" name="test_payment_fk_cascade_on_invoice_delete" time="0.060" /><testcase classname="tests.test_payments_regression" name="test_backup_roundtrip_restores_deleted_test_records_and_advance_credit" time="0.085" /><testcase classname="tests.test_payments_regression" name="test_payment_crud_updates_overdue_report_and_dated_ledger_events" time="0.071" /><testcase classname="tests.test_payments_regression" name="test_email_route_loopback_transport_snapshot_retry_and_secret_hygiene" time="0.428" /><testcase classname="tests.test_payments_regression" name="test_two_parallel_payment_submissions_allow_only_one_success" time="0.042" /></testsuite></testsuites>