<?xml version="1.0" encoding="utf-8"?><testsuites name="pytest tests"><testsuite name="pytest" errors="0" failures="0" skipped="0" tests="4" time="2.036" timestamp="2026-09-18T16:07:26.651183+00:00" hostname="agent-env-3d660222-2df6-49bb-9a31-69258ae85880"><testcase classname="tests.test_preview_api_readonly" name="test_health_ok" time="0.284" /><testcase classname="tests.test_preview_api_readonly" name="test_settings_available" time="0.076" /><testcase classname="tests.test_preview_api_readonly" name="test_dashboard_stats_seeded_counts" time="0.077" /><testcase classname="tests.test_preview_api_readonly" name="test_invoices_list_shape" time="0.073" /></testsuite></testsuites>