<?xml version="1.0" encoding="utf-8"?><testsuites name="pytest tests"><testsuite name="pytest" errors="0" failures="0" skipped="0" tests="3" time="2.670" timestamp="2026-09-18T16:49:07.441475+00:00" hostname="agent-env-3d660222-2df6-49bb-9a31-69258ae85880"><testcase classname="tests.backend_test" name="test_loopback_one_message_owner_to_tenant_cc_with_pdf_attachment" time="0.094" /><testcase classname="tests.backend_test" name="test_loopback_missing_tenant_email_still_single_message_without_cc" time="0.091" /><testcase classname="tests.backend_test" name="test_loopback_same_owner_and_cc_deduplicates_envelope_recipient" time="0.079" /></testsuite></testsuites>