<?xml version="1.0" encoding="utf-8"?><testsuites name="pytest tests"><testsuite name="pytest" errors="0" failures="0" skipped="3" tests="8" time="0.994" timestamp="2026-08-20T22:05:58.518555+00:00" hostname="agent-env-7e45d484-5578-48a7-9176-fad1cc0fca2c"><testcase classname="tests.backend_test" name="test_root" time="0.295" /><testcase classname="tests.backend_test" name="test_email_invalid_owner_email_422" time="0.087" /><testcase classname="tests.backend_test" name="test_email_invalid_tenant_email_422" time="0.090" /><testcase classname="tests.backend_test" name="test_email_missing_required_422" time="0.098" /><testcase classname="tests.backend_test" name="test_email_503_when_smtp_not_configured" time="0.086" /><testcase classname="tests.backend_test" name="test_email_owner_only_smtp" time="0.000"><skipped type="pytest.skip" message="SMTP not configured in backend/.env">/app/backend/tests/backend_test.py:91: SMTP not configured in backend/.env</skipped></testcase><testcase classname="tests.backend_test" name="test_email_owner_and_tenant_smtp" time="0.000"><skipped type="pytest.skip" message="SMTP not configured in backend/.env">/app/backend/tests/backend_test.py:101: SMTP not configured in backend/.env</skipped></testcase><testcase classname="tests.backend_test" name="test_email_send_to_tenant_no_email" time="0.001"><skipped type="pytest.skip" message="SMTP not configured in backend/.env">/app/backend/tests/backend_test.py:111: SMTP not configured in backend/.env</skipped></testcase></testsuite></testsuites>