<?xml version="1.0" encoding="utf-8"?><testsuites name="pytest tests"><testsuite name="pytest" errors="0" failures="0" skipped="0" tests="7" time="2.397" timestamp="2026-08-20T19:28:11.929919+00:00" hostname="agent-env-7e45d484-5578-48a7-9176-fad1cc0fca2c"><testcase classname="tests.backend_test" name="test_root" time="0.412" /><testcase classname="tests.backend_test" name="test_email_owner_only" time="0.325" /><testcase classname="tests.backend_test" name="test_email_owner_and_tenant" time="0.552" /><testcase classname="tests.backend_test" name="test_email_send_to_tenant_no_email" time="0.296" /><testcase classname="tests.backend_test" name="test_email_invalid_owner_email_422" time="0.110" /><testcase classname="tests.backend_test" name="test_email_invalid_tenant_email_422" time="0.111" /><testcase classname="tests.backend_test" name="test_email_missing_required_422" time="0.090" /></testsuite></testsuites>